<?xml version="1.0" encoding="UTF-8"?>
<testng-results ignored="0" total="11" passed="0" failed="11" skipped="0">
  <reporter-output>
  </reporter-output>
  <suite started-at="2025-06-25T01:23:57 BST" name="Default suite" finished-at="2025-06-25T01:24:47 BST" duration-ms="50686">
    <groups>
      <group name="cucumber">
        <method signature="AbstractTestNGCucumberTests.runScenario(io.cucumber.testng.PickleWrapper,io.cucumber.testng.FeatureWrapper)[pri:0, instance:cucumberOptions.TestNGRunner@37ceb1df]" name="runScenario" class="io.cucumber.testng.AbstractTestNGCucumberTests"/>
      </group> <!-- cucumber -->
    </groups>
    <test started-at="2025-06-25T01:23:57 BST" name="Default test" finished-at="2025-06-25T01:24:47 BST" duration-ms="50686">
      <class name="cucumberOptions.TestNGRunner">
        <test-method is-config="true" signature="setUpClass(org.testng.ITestContext)[pri:0, instance:cucumberOptions.TestNGRunner@37ceb1df]" started-at="2025-06-25T01:23:57 BST" name="setUpClass" finished-at="2025-06-25T01:23:57 BST" duration-ms="590" status="PASS">
          <params>
            <param index="0">
              <value>
                <![CDATA[org.testng.TestRunner@3aca2579]]>
              </value>
            </param>
          </params>
          <reporter-output>
          </reporter-output>
        </test-method> <!-- setUpClass -->
        <test-method signature="runScenario(io.cucumber.testng.PickleWrapper,io.cucumber.testng.FeatureWrapper)[pri:0, instance:cucumberOptions.TestNGRunner@37ceb1df]" started-at="2025-06-25T01:23:57 BST" name="runScenario" description="Runs Cucumber Scenarios" data-provider="scenarios" finished-at="2025-06-25T01:24:02 BST" duration-ms="5146" status="FAIL">
          <params>
            <param index="0">
              <value>
                <![CDATA["To test job seeker able to search jobs by location preference"]]>
              </value>
            </param>
            <param index="1">
              <value>
                <![CDATA["To test NHS Job Search functionality"]]>
              </value>
            </param>
          </params>
          <exception class="java.lang.AssertionError">
            <message>
              <![CDATA[expected [true] but found [false]]]>
            </message>
            <full-stacktrace>
              <![CDATA[java.lang.AssertionError: expected [true] but found [false]
at org.testng.Assert.fail(Assert.java:111)
at org.testng.Assert.failNotEquals(Assert.java:1578)
at org.testng.Assert.assertTrue(Assert.java:57)
at org.testng.Assert.assertTrue(Assert.java:67)
at pageObjects.CandidateSearchResultPage.validateNewestDatePostedSortBy(CandidateSearchResultPage.java:60)
at stepDefinitions.CandidateSearchResultPageStepDefinition.sort_my_search_results_with_the_newest_date_posted(CandidateSearchResultPageStepDefinition.java:30)
at ✽.sort my search results with the newest Date Posted(file:///C:/Users/simra/eclipse-interview-workspace/nhs_Assignment/src/test/java/features/task1.feature:10)
]]>
            </full-stacktrace>
          </exception> <!-- java.lang.AssertionError -->
          <reporter-output>
          </reporter-output>
        </test-method> <!-- runScenario -->
        <test-method signature="runScenario(io.cucumber.testng.PickleWrapper,io.cucumber.testng.FeatureWrapper)[pri:0, instance:cucumberOptions.TestNGRunner@37ceb1df]" started-at="2025-06-25T01:24:02 BST" name="runScenario" description="Runs Cucumber Scenarios" data-provider="scenarios" finished-at="2025-06-25T01:24:07 BST" duration-ms="4665" status="FAIL">
          <params>
            <param index="0">
              <value>
                <![CDATA["To test job seeker able to search jobs by location preference"]]>
              </value>
            </param>
            <param index="1">
              <value>
                <![CDATA["To test NHS Job Search functionality"]]>
              </value>
            </param>
          </params>
          <exception class="java.lang.AssertionError">
            <message>
              <![CDATA[expected [true] but found [false]]]>
            </message>
            <full-stacktrace>
              <![CDATA[java.lang.AssertionError: expected [true] but found [false]
at org.testng.Assert.fail(Assert.java:111)
at org.testng.Assert.failNotEquals(Assert.java:1578)
at org.testng.Assert.assertTrue(Assert.java:57)
at org.testng.Assert.assertTrue(Assert.java:67)
at pageObjects.CandidateSearchResultPage.validateNewestDatePostedSortBy(CandidateSearchResultPage.java:60)
at stepDefinitions.CandidateSearchResultPageStepDefinition.sort_my_search_results_with_the_newest_date_posted(CandidateSearchResultPageStepDefinition.java:30)
at ✽.sort my search results with the newest Date Posted(file:///C:/Users/simra/eclipse-interview-workspace/nhs_Assignment/src/test/java/features/task1.feature:10)
]]>
            </full-stacktrace>
          </exception> <!-- java.lang.AssertionError -->
          <reporter-output>
          </reporter-output>
        </test-method> <!-- runScenario -->
        <test-method signature="runScenario(io.cucumber.testng.PickleWrapper,io.cucumber.testng.FeatureWrapper)[pri:0, instance:cucumberOptions.TestNGRunner@37ceb1df]" started-at="2025-06-25T01:24:07 BST" name="runScenario" description="Runs Cucumber Scenarios" data-provider="scenarios" finished-at="2025-06-25T01:24:11 BST" duration-ms="4428" status="FAIL">
          <params>
            <param index="0">
              <value>
                <![CDATA["To test job seeker able to search jobs by location preference"]]>
              </value>
            </param>
            <param index="1">
              <value>
                <![CDATA["To test NHS Job Search functionality"]]>
              </value>
            </param>
          </params>
          <exception class="java.lang.AssertionError">
            <message>
              <![CDATA[expected [true] but found [false]]]>
            </message>
            <full-stacktrace>
              <![CDATA[java.lang.AssertionError: expected [true] but found [false]
at org.testng.Assert.fail(Assert.java:111)
at org.testng.Assert.failNotEquals(Assert.java:1578)
at org.testng.Assert.assertTrue(Assert.java:57)
at org.testng.Assert.assertTrue(Assert.java:67)
at pageObjects.CandidateSearchResultPage.validateNewestDatePostedSortBy(CandidateSearchResultPage.java:60)
at stepDefinitions.CandidateSearchResultPageStepDefinition.sort_my_search_results_with_the_newest_date_posted(CandidateSearchResultPageStepDefinition.java:30)
at ✽.sort my search results with the newest Date Posted(file:///C:/Users/simra/eclipse-interview-workspace/nhs_Assignment/src/test/java/features/task1.feature:10)
]]>
            </full-stacktrace>
          </exception> <!-- java.lang.AssertionError -->
          <reporter-output>
          </reporter-output>
        </test-method> <!-- runScenario -->
        <test-method signature="runScenario(io.cucumber.testng.PickleWrapper,io.cucumber.testng.FeatureWrapper)[pri:0, instance:cucumberOptions.TestNGRunner@37ceb1df]" started-at="2025-06-25T01:24:11 BST" name="runScenario" description="Runs Cucumber Scenarios" data-provider="scenarios" finished-at="2025-06-25T01:24:16 BST" duration-ms="4367" status="FAIL">
          <params>
            <param index="0">
              <value>
                <![CDATA["To test job seeker able to search jobs by location preference"]]>
              </value>
            </param>
            <param index="1">
              <value>
                <![CDATA["To test NHS Job Search functionality"]]>
              </value>
            </param>
          </params>
          <exception class="java.lang.AssertionError">
            <message>
              <![CDATA[expected [true] but found [false]]]>
            </message>
            <full-stacktrace>
              <![CDATA[java.lang.AssertionError: expected [true] but found [false]
at org.testng.Assert.fail(Assert.java:111)
at org.testng.Assert.failNotEquals(Assert.java:1578)
at org.testng.Assert.assertTrue(Assert.java:57)
at org.testng.Assert.assertTrue(Assert.java:67)
at pageObjects.CandidateSearchResultPage.validateNewestDatePostedSortBy(CandidateSearchResultPage.java:60)
at stepDefinitions.CandidateSearchResultPageStepDefinition.sort_my_search_results_with_the_newest_date_posted(CandidateSearchResultPageStepDefinition.java:30)
at ✽.sort my search results with the newest Date Posted(file:///C:/Users/simra/eclipse-interview-workspace/nhs_Assignment/src/test/java/features/task1.feature:10)
]]>
            </full-stacktrace>
          </exception> <!-- java.lang.AssertionError -->
          <reporter-output>
          </reporter-output>
        </test-method> <!-- runScenario -->
        <test-method signature="runScenario(io.cucumber.testng.PickleWrapper,io.cucumber.testng.FeatureWrapper)[pri:0, instance:cucumberOptions.TestNGRunner@37ceb1df]" started-at="2025-06-25T01:24:16 BST" name="runScenario" description="Runs Cucumber Scenarios" data-provider="scenarios" finished-at="2025-06-25T01:24:21 BST" duration-ms="4883" status="FAIL">
          <params>
            <param index="0">
              <value>
                <![CDATA["To test job seeker able to search jobs by job title / skills preference"]]>
              </value>
            </param>
            <param index="1">
              <value>
                <![CDATA["To test NHS Job Search functionality"]]>
              </value>
            </param>
          </params>
          <exception class="java.lang.AssertionError">
            <message>
              <![CDATA[expected [true] but found [false]]]>
            </message>
            <full-stacktrace>
              <![CDATA[java.lang.AssertionError: expected [true] but found [false]
at org.testng.Assert.fail(Assert.java:111)
at org.testng.Assert.failNotEquals(Assert.java:1578)
at org.testng.Assert.assertTrue(Assert.java:57)
at org.testng.Assert.assertTrue(Assert.java:67)
at pageObjects.CandidateSearchResultPage.validateNewestDatePostedSortBy(CandidateSearchResultPage.java:60)
at stepDefinitions.CandidateSearchResultPageStepDefinition.sort_my_search_results_with_the_newest_date_posted(CandidateSearchResultPageStepDefinition.java:30)
at ✽.sort my search results with the newest Date Posted(file:///C:/Users/simra/eclipse-interview-workspace/nhs_Assignment/src/test/java/features/task1.feature:24)
]]>
            </full-stacktrace>
          </exception> <!-- java.lang.AssertionError -->
          <reporter-output>
          </reporter-output>
        </test-method> <!-- runScenario -->
        <test-method signature="runScenario(io.cucumber.testng.PickleWrapper,io.cucumber.testng.FeatureWrapper)[pri:0, instance:cucumberOptions.TestNGRunner@37ceb1df]" started-at="2025-06-25T01:24:21 BST" name="runScenario" description="Runs Cucumber Scenarios" data-provider="scenarios" finished-at="2025-06-25T01:24:25 BST" duration-ms="4131" status="FAIL">
          <params>
            <param index="0">
              <value>
                <![CDATA["To test job seeker able to search jobs by job title / skills preference"]]>
              </value>
            </param>
            <param index="1">
              <value>
                <![CDATA["To test NHS Job Search functionality"]]>
              </value>
            </param>
          </params>
          <exception class="java.lang.AssertionError">
            <message>
              <![CDATA[expected [true] but found [false]]]>
            </message>
            <full-stacktrace>
              <![CDATA[java.lang.AssertionError: expected [true] but found [false]
at org.testng.Assert.fail(Assert.java:111)
at org.testng.Assert.failNotEquals(Assert.java:1578)
at org.testng.Assert.assertTrue(Assert.java:57)
at org.testng.Assert.assertTrue(Assert.java:67)
at pageObjects.CandidateSearchResultPage.validateNewestDatePostedSortBy(CandidateSearchResultPage.java:60)
at stepDefinitions.CandidateSearchResultPageStepDefinition.sort_my_search_results_with_the_newest_date_posted(CandidateSearchResultPageStepDefinition.java:30)
at ✽.sort my search results with the newest Date Posted(file:///C:/Users/simra/eclipse-interview-workspace/nhs_Assignment/src/test/java/features/task1.feature:24)
]]>
            </full-stacktrace>
          </exception> <!-- java.lang.AssertionError -->
          <reporter-output>
          </reporter-output>
        </test-method> <!-- runScenario -->
        <test-method signature="runScenario(io.cucumber.testng.PickleWrapper,io.cucumber.testng.FeatureWrapper)[pri:0, instance:cucumberOptions.TestNGRunner@37ceb1df]" started-at="2025-06-25T01:24:25 BST" name="runScenario" description="Runs Cucumber Scenarios" data-provider="scenarios" finished-at="2025-06-25T01:24:29 BST" duration-ms="4121" status="FAIL">
          <params>
            <param index="0">
              <value>
                <![CDATA["To test job seeker able to search jobs by job title / skills preference"]]>
              </value>
            </param>
            <param index="1">
              <value>
                <![CDATA["To test NHS Job Search functionality"]]>
              </value>
            </param>
          </params>
          <exception class="java.lang.AssertionError">
            <message>
              <![CDATA[expected [true] but found [false]]]>
            </message>
            <full-stacktrace>
              <![CDATA[java.lang.AssertionError: expected [true] but found [false]
at org.testng.Assert.fail(Assert.java:111)
at org.testng.Assert.failNotEquals(Assert.java:1578)
at org.testng.Assert.assertTrue(Assert.java:57)
at org.testng.Assert.assertTrue(Assert.java:67)
at pageObjects.CandidateSearchResultPage.validateNewestDatePostedSortBy(CandidateSearchResultPage.java:60)
at stepDefinitions.CandidateSearchResultPageStepDefinition.sort_my_search_results_with_the_newest_date_posted(CandidateSearchResultPageStepDefinition.java:30)
at ✽.sort my search results with the newest Date Posted(file:///C:/Users/simra/eclipse-interview-workspace/nhs_Assignment/src/test/java/features/task1.feature:24)
]]>
            </full-stacktrace>
          </exception> <!-- java.lang.AssertionError -->
          <reporter-output>
          </reporter-output>
        </test-method> <!-- runScenario -->
        <test-method signature="runScenario(io.cucumber.testng.PickleWrapper,io.cucumber.testng.FeatureWrapper)[pri:0, instance:cucumberOptions.TestNGRunner@37ceb1df]" started-at="2025-06-25T01:24:29 BST" name="runScenario" description="Runs Cucumber Scenarios" data-provider="scenarios" finished-at="2025-06-25T01:24:34 BST" duration-ms="4886" status="FAIL">
          <params>
            <param index="0">
              <value>
                <![CDATA["To test job seeker able to search jobs by job reference preference"]]>
              </value>
            </param>
            <param index="1">
              <value>
                <![CDATA["To test NHS Job Search functionality"]]>
              </value>
            </param>
          </params>
          <exception class="java.lang.AssertionError">
            <message>
              <![CDATA[expected [true] but found [false]]]>
            </message>
            <full-stacktrace>
              <![CDATA[java.lang.AssertionError: expected [true] but found [false]
at org.testng.Assert.fail(Assert.java:111)
at org.testng.Assert.failNotEquals(Assert.java:1578)
at org.testng.Assert.assertTrue(Assert.java:57)
at org.testng.Assert.assertTrue(Assert.java:67)
at pageObjects.CandidateSearchResultPage.validateNewestDatePostedSortBy(CandidateSearchResultPage.java:60)
at stepDefinitions.CandidateSearchResultPageStepDefinition.sort_my_search_results_with_the_newest_date_posted(CandidateSearchResultPageStepDefinition.java:30)
at ✽.sort my search results with the newest Date Posted(file:///C:/Users/simra/eclipse-interview-workspace/nhs_Assignment/src/test/java/features/task1.feature:37)
]]>
            </full-stacktrace>
          </exception> <!-- java.lang.AssertionError -->
          <reporter-output>
          </reporter-output>
        </test-method> <!-- runScenario -->
        <test-method signature="runScenario(io.cucumber.testng.PickleWrapper,io.cucumber.testng.FeatureWrapper)[pri:0, instance:cucumberOptions.TestNGRunner@37ceb1df]" started-at="2025-06-25T01:24:34 BST" name="runScenario" description="Runs Cucumber Scenarios" data-provider="scenarios" finished-at="2025-06-25T01:24:38 BST" duration-ms="4249" status="FAIL">
          <params>
            <param index="0">
              <value>
                <![CDATA["To test job seeker able to search jobs by Employer preference"]]>
              </value>
            </param>
            <param index="1">
              <value>
                <![CDATA["To test NHS Job Search functionality"]]>
              </value>
            </param>
          </params>
          <exception class="java.lang.AssertionError">
            <message>
              <![CDATA[expected [true] but found [false]]]>
            </message>
            <full-stacktrace>
              <![CDATA[java.lang.AssertionError: expected [true] but found [false]
at org.testng.Assert.fail(Assert.java:111)
at org.testng.Assert.failNotEquals(Assert.java:1578)
at org.testng.Assert.assertTrue(Assert.java:57)
at org.testng.Assert.assertTrue(Assert.java:67)
at pageObjects.CandidateSearchResultPage.validateNewestDatePostedSortBy(CandidateSearchResultPage.java:60)
at stepDefinitions.CandidateSearchResultPageStepDefinition.sort_my_search_results_with_the_newest_date_posted(CandidateSearchResultPageStepDefinition.java:30)
at ✽.sort my search results with the newest Date Posted(file:///C:/Users/simra/eclipse-interview-workspace/nhs_Assignment/src/test/java/features/task1.feature:50)
]]>
            </full-stacktrace>
          </exception> <!-- java.lang.AssertionError -->
          <reporter-output>
          </reporter-output>
        </test-method> <!-- runScenario -->
        <test-method signature="runScenario(io.cucumber.testng.PickleWrapper,io.cucumber.testng.FeatureWrapper)[pri:0, instance:cucumberOptions.TestNGRunner@37ceb1df]" started-at="2025-06-25T01:24:38 BST" name="runScenario" description="Runs Cucumber Scenarios" data-provider="scenarios" finished-at="2025-06-25T01:24:42 BST" duration-ms="4017" status="FAIL">
          <params>
            <param index="0">
              <value>
                <![CDATA["To test job seeker able to search jobs by pay range preference"]]>
              </value>
            </param>
            <param index="1">
              <value>
                <![CDATA["To test NHS Job Search functionality"]]>
              </value>
            </param>
          </params>
          <exception class="java.lang.AssertionError">
            <message>
              <![CDATA[expected [true] but found [false]]]>
            </message>
            <full-stacktrace>
              <![CDATA[java.lang.AssertionError: expected [true] but found [false]
at org.testng.Assert.fail(Assert.java:111)
at org.testng.Assert.failNotEquals(Assert.java:1578)
at org.testng.Assert.assertTrue(Assert.java:57)
at org.testng.Assert.assertTrue(Assert.java:67)
at pageObjects.CandidateSearchResultPage.validateNewestDatePostedSortBy(CandidateSearchResultPage.java:60)
at stepDefinitions.CandidateSearchResultPageStepDefinition.sort_my_search_results_with_the_newest_date_posted(CandidateSearchResultPageStepDefinition.java:30)
at ✽.sort my search results with the newest Date Posted(file:///C:/Users/simra/eclipse-interview-workspace/nhs_Assignment/src/test/java/features/task1.feature:62)
]]>
            </full-stacktrace>
          </exception> <!-- java.lang.AssertionError -->
          <reporter-output>
          </reporter-output>
        </test-method> <!-- runScenario -->
        <test-method signature="runScenario(io.cucumber.testng.PickleWrapper,io.cucumber.testng.FeatureWrapper)[pri:0, instance:cucumberOptions.TestNGRunner@37ceb1df]" started-at="2025-06-25T01:24:42 BST" name="runScenario" description="Runs Cucumber Scenarios" data-provider="scenarios" finished-at="2025-06-25T01:24:47 BST" duration-ms="4903" status="FAIL">
          <params>
            <param index="0">
              <value>
                <![CDATA["To test job seeker able to search jobs by job title, location and Pay range preferences"]]>
              </value>
            </param>
            <param index="1">
              <value>
                <![CDATA["To test NHS Job Search functionality"]]>
              </value>
            </param>
          </params>
          <exception class="java.lang.AssertionError">
            <message>
              <![CDATA[expected [true] but found [false]]]>
            </message>
            <full-stacktrace>
              <![CDATA[java.lang.AssertionError: expected [true] but found [false]
at org.testng.Assert.fail(Assert.java:111)
at org.testng.Assert.failNotEquals(Assert.java:1578)
at org.testng.Assert.assertTrue(Assert.java:57)
at org.testng.Assert.assertTrue(Assert.java:67)
at pageObjects.CandidateSearchResultPage.validateNewestDatePostedSortBy(CandidateSearchResultPage.java:60)
at stepDefinitions.CandidateSearchResultPageStepDefinition.sort_my_search_results_with_the_newest_date_posted(CandidateSearchResultPageStepDefinition.java:30)
at ✽.sort my search results with the newest Date Posted(file:///C:/Users/simra/eclipse-interview-workspace/nhs_Assignment/src/test/java/features/task1.feature:78)
]]>
            </full-stacktrace>
          </exception> <!-- java.lang.AssertionError -->
          <reporter-output>
          </reporter-output>
        </test-method> <!-- runScenario -->
        <test-method is-config="true" signature="tearDownClass()[pri:0, instance:cucumberOptions.TestNGRunner@37ceb1df]" started-at="2025-06-25T01:24:47 BST" name="tearDownClass" finished-at="2025-06-25T01:24:47 BST" duration-ms="247" status="PASS">
          <reporter-output>
          </reporter-output>
        </test-method> <!-- tearDownClass -->
      </class> <!-- cucumberOptions.TestNGRunner -->
    </test> <!-- Default test -->
  </suite> <!-- Default suite -->
</testng-results>
